INFO - MLog clients using slf4j logging.
INFO - Initializing c3p0-0.9.5.2 [built 08-December-2015 22:06:04 -0800; debug? true; trace: 10]
INFO - MLog clients using slf4j logging.
INFO - Initializing c3p0-0.9.5.2 [built 08-December-2015 22:06:04 -0800; debug? true; trace: 10]
INFO - MLog clients using slf4j logging.
INFO - Initializing c3p0-0.9.5.2 [built 08-December-2015 22:06:04 -0800; debug? true; trace: 10]
INFO - Initializing c3p0 pool... com.mchange.v2.c3p0.ComboPooledDataSource [ acquireIncrement -> 3, acquireRetryAttempts -> 30, acquireRetryDelay -> 1000, autoCommitOnClose -> false, automaticTestTable -> doubanspider, breakAfterAcquireFailure -> false, checkoutTimeout -> 10000, connectionCustomizerClassName -> null, connectionTesterClassName -> com.mchange.v2.c3p0.impl.DefaultConnectionTester, contextClassLoaderSource -> caller, dataSourceName -> 1hge16o9utkn2qjxm8vdm|6536e911, debugUnreturnedConnectionStackTraces -> false, description -> null, driverClass -> com.mysql.jdbc.Driver, extensions -> {}, factoryClassLocation -> null, forceIgnoreUnresolvedTransactions -> false, forceSynchronousCheckins -> false, forceUseNamedDriverClass -> false, identityToken -> 1hge16o9utkn2qjxm8vdm|6536e911, idleConnectionTestPeriod -> 30, initialPoolSize -> 100, jdbcUrl -> jdbc:mysql://122.112.245.251:3306/douban?useUnicode=true&characterEncoding=utf8, maxAdministrativeTaskTime -> 0, maxConnectionAge -> 0, maxIdleTime -> 30, maxIdleTimeExcessConnections -> 0, maxPoolSize -> 100, maxStatements -> 200, maxStatementsPerConnection -> 0, minPoolSize -> 10, numHelperThreads -> 3, preferredTestQuery -> null, privilegeSpawnedThreads -> false, properties -> {user=******, password=******}, propertyCycle -> 0, statementCacheNumDeferredCloseThreads -> 0, testConnectionOnCheckin -> false, testConnectionOnCheckout -> false, unreturnedConnectionTimeout -> 0, userOverrides -> {test-user={minPoolSize=1, maxStatements=0, maxPoolSize=10}}, usesTraditionalReflectiveProxies -> false ]
ERROR - 
### Error querying database.  Cause: java.sql.SQLException: Access denied for user 'root'@'116.230.187.124' (using password: YES)
### The error may exist in com/yao/spider/douban/mapper/MoveMapper.xml
### The error may involve com.yao.spider.douban.mapper.MoveMapper.selectByPrimaryKey
### The error occurred while executing a query
### Cause: java.sql.SQLException: Access denied for user 'root'@'116.230.187.124' (using password: YES)
org.apache.ibatis.exceptions.PersistenceException: 
### Error querying database.  Cause: java.sql.SQLException: Access denied for user 'root'@'116.230.187.124' (using password: YES)
### The error may exist in com/yao/spider/douban/mapper/MoveMapper.xml
### The error may involve com.yao.spider.douban.mapper.MoveMapper.selectByPrimaryKey
### The error occurred while executing a query
### Cause: java.sql.SQLException: Access denied for user 'root'@'116.230.187.124' (using password: YES)
	at org.apache.ibatis.exceptions.ExceptionFactory.wrapException(ExceptionFactory.java:30)
	at org.apache.ibatis.session.defaults.DefaultSqlSession.selectList(DefaultSqlSession.java:150)
	at org.apache.ibatis.session.defaults.DefaultSqlSession.selectList(DefaultSqlSession.java:141)
	at org.apache.ibatis.session.defaults.DefaultSqlSession.selectOne(DefaultSqlSession.java:77)
	at org.apache.ibatis.binding.MapperMethod.execute(MapperMethod.java:82)
	at org.apache.ibatis.binding.MapperProxy.invoke(MapperProxy.java:59)
	at com.sun.proxy.$Proxy6.selectByPrimaryKey(Unknown Source)
	at com.yao.spider.douban.dao.Impl.MoveDaoImpl.inserSelective(MoveDaoImpl.java:29)
	at com.yao.douban.core.dao.Impl.BaseDaoImplTest.insertSelective(BaseDaoImplTest.java:27)
	at sun.reflect.NativeMethodAccessorImpl.invoke0(Native Method)
	at sun.reflect.NativeMethodAccessorImpl.invoke(NativeMethodAccessorImpl.java:62)
	at sun.reflect.DelegatingMethodAccessorImpl.invoke(DelegatingMethodAccessorImpl.java:43)
	at java.lang.reflect.Method.invoke(Method.java:498)
	at org.junit.runners.model.FrameworkMethod$1.runReflectiveCall(FrameworkMethod.java:50)
	at org.junit.internal.runners.model.ReflectiveCallable.run(ReflectiveCallable.java:12)
	at org.junit.runners.model.FrameworkMethod.invokeExplosively(FrameworkMethod.java:47)
	at org.junit.internal.runners.statements.InvokeMethod.evaluate(InvokeMethod.java:17)
	at org.junit.runners.ParentRunner.runLeaf(ParentRunner.java:325)
	at org.junit.runners.BlockJUnit4ClassRunner.runChild(BlockJUnit4ClassRunner.java:78)
	at org.junit.runners.BlockJUnit4ClassRunner.runChild(BlockJUnit4ClassRunner.java:57)
	at org.junit.runners.ParentRunner$3.run(ParentRunner.java:290)
	at org.junit.runners.ParentRunner$1.schedule(ParentRunner.java:71)
	at org.junit.runners.ParentRunner.runChildren(ParentRunner.java:288)
	at org.junit.runners.ParentRunner.access$000(ParentRunner.java:58)
	at org.junit.runners.ParentRunner$2.evaluate(ParentRunner.java:268)
	at org.junit.runners.ParentRunner.run(ParentRunner.java:363)
	at org.junit.runner.JUnitCore.run(JUnitCore.java:137)
	at com.intellij.junit4.JUnit4IdeaTestRunner.startRunnerWithArgs(JUnit4IdeaTestRunner.java:119)
	at com.intellij.junit4.JUnit4IdeaTestRunner.startRunnerWithArgs(JUnit4IdeaTestRunner.java:42)
	at com.intellij.rt.execution.junit.JUnitStarter.prepareStreamsAndStart(JUnitStarter.java:234)
	at com.intellij.rt.execution.junit.JUnitStarter.main(JUnitStarter.java:74)
	at sun.reflect.NativeMethodAccessorImpl.invoke0(Native Method)
	at sun.reflect.NativeMethodAccessorImpl.invoke(NativeMethodAccessorImpl.java:62)
	at sun.reflect.DelegatingMethodAccessorImpl.invoke(DelegatingMethodAccessorImpl.java:43)
	at java.lang.reflect.Method.invoke(Method.java:498)
	at com.intellij.rt.execution.application.AppMain.main(AppMain.java:144)
Caused by: java.sql.SQLException: Access denied for user 'root'@'116.230.187.124' (using password: YES)
	at com.mysql.jdbc.SQLError.createSQLException(SQLError.java:996)
	at com.mysql.jdbc.MysqlIO.checkErrorPacket(MysqlIO.java:3887)
	at com.mysql.jdbc.MysqlIO.checkErrorPacket(MysqlIO.java:3823)
	at com.mysql.jdbc.MysqlIO.checkErrorPacket(MysqlIO.java:870)
	at com.mysql.jdbc.MysqlIO.proceedHandshakeWithPluggableAuthentication(MysqlIO.java:1659)
	at com.mysql.jdbc.MysqlIO.doHandshake(MysqlIO.java:1206)
	at com.mysql.jdbc.ConnectionImpl.coreConnect(ConnectionImpl.java:2234)
	at com.mysql.jdbc.ConnectionImpl.connectOneTryOnly(ConnectionImpl.java:2265)
	at com.mysql.jdbc.ConnectionImpl.createNewIO(ConnectionImpl.java:2064)
	at com.mysql.jdbc.ConnectionImpl.<init>(ConnectionImpl.java:790)
	at com.mysql.jdbc.JDBC4Connection.<init>(JDBC4Connection.java:44)
	at sun.reflect.NativeConstructorAccessorImpl.newInstance0(Native Method)
	at sun.reflect.NativeConstructorAccessorImpl.newInstance(NativeConstructorAccessorImpl.java:62)
	at sun.reflect.DelegatingConstructorAccessorImpl.newInstance(DelegatingConstructorAccessorImpl.java:45)
	at java.lang.reflect.Constructor.newInstance(Constructor.java:423)
	at com.mysql.jdbc.Util.handleNewInstance(Util.java:377)
	at com.mysql.jdbc.ConnectionImpl.getInstance(ConnectionImpl.java:395)
	at com.mysql.jdbc.NonRegisteringDriver.connect(NonRegisteringDriver.java:325)
	at com.mchange.v2.c3p0.DriverManagerDataSource.getConnection(DriverManagerDataSource.java:161)
	at com.mchange.v2.c3p0.WrapperConnectionPoolDataSource.getPooledConnection(WrapperConnectionPoolDataSource.java:161)
	at com.mchange.v2.c3p0.WrapperConnectionPoolDataSource.getPooledConnection(WrapperConnectionPoolDataSource.java:147)
	at com.mchange.v2.c3p0.impl.C3P0PooledConnectionPoolManager.initializeAutomaticTestTable(C3P0PooledConnectionPoolManager.java:1000)
	at com.mchange.v2.c3p0.impl.C3P0PooledConnectionPoolManager.createPooledConnectionPool(C3P0PooledConnectionPoolManager.java:921)
	at com.mchange.v2.c3p0.impl.C3P0PooledConnectionPoolManager.getPool(C3P0PooledConnectionPoolManager.java:397)
	at com.mchange.v2.c3p0.impl.C3P0PooledConnectionPoolManager.getPool(C3P0PooledConnectionPoolManager.java:414)
	at com.mchange.v2.c3p0.impl.AbstractPoolBackedDataSource.getConnection(AbstractPoolBackedDataSource.java:140)
	at org.apache.ibatis.transaction.jdbc.JdbcTransaction.openConnection(JdbcTransaction.java:138)
	at org.apache.ibatis.transaction.jdbc.JdbcTransaction.getConnection(JdbcTransaction.java:60)
	at org.apache.ibatis.executor.BaseExecutor.getConnection(BaseExecutor.java:336)
	at org.apache.ibatis.executor.SimpleExecutor.prepareStatement(SimpleExecutor.java:84)
	at org.apache.ibatis.executor.SimpleExecutor.doQuery(SimpleExecutor.java:62)
	at org.apache.ibatis.executor.BaseExecutor.queryFromDatabase(BaseExecutor.java:324)
	at org.apache.ibatis.executor.BaseExecutor.query(BaseExecutor.java:156)
	at org.apache.ibatis.executor.CachingExecutor.query(CachingExecutor.java:109)
	at org.apache.ibatis.executor.CachingExecutor.query(CachingExecutor.java:83)
	at org.apache.ibatis.session.defaults.DefaultSqlSession.selectList(DefaultSqlSession.java:148)
	... 34 more
INFO - MLog clients using slf4j logging.
INFO - Initializing c3p0-0.9.5.2 [built 08-December-2015 22:06:04 -0800; debug? true; trace: 10]
INFO - Initializing c3p0 pool... com.mchange.v2.c3p0.ComboPooledDataSource [ acquireIncrement -> 3, acquireRetryAttempts -> 30, acquireRetryDelay -> 1000, autoCommitOnClose -> false, automaticTestTable -> doubanspider, breakAfterAcquireFailure -> false, checkoutTimeout -> 10000, connectionCustomizerClassName -> null, connectionTesterClassName -> com.mchange.v2.c3p0.impl.DefaultConnectionTester, contextClassLoaderSource -> caller, dataSourceName -> 1hge16o9utkqit2ygo125|6e1ec318, debugUnreturnedConnectionStackTraces -> false, description -> null, driverClass -> com.mysql.jdbc.Driver, extensions -> {}, factoryClassLocation -> null, forceIgnoreUnresolvedTransactions -> false, forceSynchronousCheckins -> false, forceUseNamedDriverClass -> false, identityToken -> 1hge16o9utkqit2ygo125|6e1ec318, idleConnectionTestPeriod -> 30, initialPoolSize -> 100, jdbcUrl -> jdbc:mysql://122.112.245.251:3306/douban?useUnicode=true&characterEncoding=utf8, maxAdministrativeTaskTime -> 0, maxConnectionAge -> 0, maxIdleTime -> 30, maxIdleTimeExcessConnections -> 0, maxPoolSize -> 100, maxStatements -> 200, maxStatementsPerConnection -> 0, minPoolSize -> 10, numHelperThreads -> 3, preferredTestQuery -> null, privilegeSpawnedThreads -> false, properties -> {user=******, password=******}, propertyCycle -> 0, statementCacheNumDeferredCloseThreads -> 0, testConnectionOnCheckin -> false, testConnectionOnCheckout -> false, unreturnedConnectionTimeout -> 0, userOverrides -> {test-user={minPoolSize=1, maxStatements=0, maxPoolSize=10}}, usesTraditionalReflectiveProxies -> false ]
ERROR - 
### Error querying database.  Cause: java.sql.SQLException: Access denied for user 'root'@'116.230.187.124' (using password: YES)
### The error may exist in com/yao/spider/douban/mapper/MoveMapper.xml
### The error may involve com.yao.spider.douban.mapper.MoveMapper.selectByPrimaryKey
### The error occurred while executing a query
### Cause: java.sql.SQLException: Access denied for user 'root'@'116.230.187.124' (using password: YES)
org.apache.ibatis.exceptions.PersistenceException: 
### Error querying database.  Cause: java.sql.SQLException: Access denied for user 'root'@'116.230.187.124' (using password: YES)
### The error may exist in com/yao/spider/douban/mapper/MoveMapper.xml
### The error may involve com.yao.spider.douban.mapper.MoveMapper.selectByPrimaryKey
### The error occurred while executing a query
### Cause: java.sql.SQLException: Access denied for user 'root'@'116.230.187.124' (using password: YES)
	at org.apache.ibatis.exceptions.ExceptionFactory.wrapException(ExceptionFactory.java:30)
	at org.apache.ibatis.session.defaults.DefaultSqlSession.selectList(DefaultSqlSession.java:150)
	at org.apache.ibatis.session.defaults.DefaultSqlSession.selectList(DefaultSqlSession.java:141)
	at org.apache.ibatis.session.defaults.DefaultSqlSession.selectOne(DefaultSqlSession.java:77)
	at org.apache.ibatis.binding.MapperMethod.execute(MapperMethod.java:82)
	at org.apache.ibatis.binding.MapperProxy.invoke(MapperProxy.java:59)
	at com.sun.proxy.$Proxy6.selectByPrimaryKey(Unknown Source)
	at com.yao.spider.douban.dao.Impl.MoveDaoImpl.inserSelective(MoveDaoImpl.java:29)
	at com.yao.douban.core.dao.Impl.BaseDaoImplTest.insertSelective(BaseDaoImplTest.java:27)
	at sun.reflect.NativeMethodAccessorImpl.invoke0(Native Method)
	at sun.reflect.NativeMethodAccessorImpl.invoke(NativeMethodAccessorImpl.java:62)
	at sun.reflect.DelegatingMethodAccessorImpl.invoke(DelegatingMethodAccessorImpl.java:43)
	at java.lang.reflect.Method.invoke(Method.java:498)
	at org.junit.runners.model.FrameworkMethod$1.runReflectiveCall(FrameworkMethod.java:50)
	at org.junit.internal.runners.model.ReflectiveCallable.run(ReflectiveCallable.java:12)
	at org.junit.runners.model.FrameworkMethod.invokeExplosively(FrameworkMethod.java:47)
	at org.junit.internal.runners.statements.InvokeMethod.evaluate(InvokeMethod.java:17)
	at org.junit.runners.ParentRunner.runLeaf(ParentRunner.java:325)
	at org.junit.runners.BlockJUnit4ClassRunner.runChild(BlockJUnit4ClassRunner.java:78)
	at org.junit.runners.BlockJUnit4ClassRunner.runChild(BlockJUnit4ClassRunner.java:57)
	at org.junit.runners.ParentRunner$3.run(ParentRunner.java:290)
	at org.junit.runners.ParentRunner$1.schedule(ParentRunner.java:71)
	at org.junit.runners.ParentRunner.runChildren(ParentRunner.java:288)
	at org.junit.runners.ParentRunner.access$000(ParentRunner.java:58)
	at org.junit.runners.ParentRunner$2.evaluate(ParentRunner.java:268)
	at org.junit.runners.ParentRunner.run(ParentRunner.java:363)
	at org.junit.runner.JUnitCore.run(JUnitCore.java:137)
	at com.intellij.junit4.JUnit4IdeaTestRunner.startRunnerWithArgs(JUnit4IdeaTestRunner.java:119)
	at com.intellij.junit4.JUnit4IdeaTestRunner.startRunnerWithArgs(JUnit4IdeaTestRunner.java:42)
	at com.intellij.rt.execution.junit.JUnitStarter.prepareStreamsAndStart(JUnitStarter.java:234)
	at com.intellij.rt.execution.junit.JUnitStarter.main(JUnitStarter.java:74)
	at sun.reflect.NativeMethodAccessorImpl.invoke0(Native Method)
	at sun.reflect.NativeMethodAccessorImpl.invoke(NativeMethodAccessorImpl.java:62)
	at sun.reflect.DelegatingMethodAccessorImpl.invoke(DelegatingMethodAccessorImpl.java:43)
	at java.lang.reflect.Method.invoke(Method.java:498)
	at com.intellij.rt.execution.application.AppMain.main(AppMain.java:144)
Caused by: java.sql.SQLException: Access denied for user 'root'@'116.230.187.124' (using password: YES)
	at com.mysql.jdbc.SQLError.createSQLException(SQLError.java:996)
	at com.mysql.jdbc.MysqlIO.checkErrorPacket(MysqlIO.java:3887)
	at com.mysql.jdbc.MysqlIO.checkErrorPacket(MysqlIO.java:3823)
	at com.mysql.jdbc.MysqlIO.checkErrorPacket(MysqlIO.java:870)
	at com.mysql.jdbc.MysqlIO.proceedHandshakeWithPluggableAuthentication(MysqlIO.java:1659)
	at com.mysql.jdbc.MysqlIO.doHandshake(MysqlIO.java:1206)
	at com.mysql.jdbc.ConnectionImpl.coreConnect(ConnectionImpl.java:2234)
	at com.mysql.jdbc.ConnectionImpl.connectOneTryOnly(ConnectionImpl.java:2265)
	at com.mysql.jdbc.ConnectionImpl.createNewIO(ConnectionImpl.java:2064)
	at com.mysql.jdbc.ConnectionImpl.<init>(ConnectionImpl.java:790)
	at com.mysql.jdbc.JDBC4Connection.<init>(JDBC4Connection.java:44)
	at sun.reflect.NativeConstructorAccessorImpl.newInstance0(Native Method)
	at sun.reflect.NativeConstructorAccessorImpl.newInstance(NativeConstructorAccessorImpl.java:62)
	at sun.reflect.DelegatingConstructorAccessorImpl.newInstance(DelegatingConstructorAccessorImpl.java:45)
	at java.lang.reflect.Constructor.newInstance(Constructor.java:423)
	at com.mysql.jdbc.Util.handleNewInstance(Util.java:377)
	at com.mysql.jdbc.ConnectionImpl.getInstance(ConnectionImpl.java:395)
	at com.mysql.jdbc.NonRegisteringDriver.connect(NonRegisteringDriver.java:325)
	at com.mchange.v2.c3p0.DriverManagerDataSource.getConnection(DriverManagerDataSource.java:161)
	at com.mchange.v2.c3p0.WrapperConnectionPoolDataSource.getPooledConnection(WrapperConnectionPoolDataSource.java:161)
	at com.mchange.v2.c3p0.WrapperConnectionPoolDataSource.getPooledConnection(WrapperConnectionPoolDataSource.java:147)
	at com.mchange.v2.c3p0.impl.C3P0PooledConnectionPoolManager.initializeAutomaticTestTable(C3P0PooledConnectionPoolManager.java:1000)
	at com.mchange.v2.c3p0.impl.C3P0PooledConnectionPoolManager.createPooledConnectionPool(C3P0PooledConnectionPoolManager.java:921)
	at com.mchange.v2.c3p0.impl.C3P0PooledConnectionPoolManager.getPool(C3P0PooledConnectionPoolManager.java:397)
	at com.mchange.v2.c3p0.impl.C3P0PooledConnectionPoolManager.getPool(C3P0PooledConnectionPoolManager.java:414)
	at com.mchange.v2.c3p0.impl.AbstractPoolBackedDataSource.getConnection(AbstractPoolBackedDataSource.java:140)
	at org.apache.ibatis.transaction.jdbc.JdbcTransaction.openConnection(JdbcTransaction.java:138)
	at org.apache.ibatis.transaction.jdbc.JdbcTransaction.getConnection(JdbcTransaction.java:60)
	at org.apache.ibatis.executor.BaseExecutor.getConnection(BaseExecutor.java:336)
	at org.apache.ibatis.executor.SimpleExecutor.prepareStatement(SimpleExecutor.java:84)
	at org.apache.ibatis.executor.SimpleExecutor.doQuery(SimpleExecutor.java:62)
	at org.apache.ibatis.executor.BaseExecutor.queryFromDatabase(BaseExecutor.java:324)
	at org.apache.ibatis.executor.BaseExecutor.query(BaseExecutor.java:156)
	at org.apache.ibatis.executor.CachingExecutor.query(CachingExecutor.java:109)
	at org.apache.ibatis.executor.CachingExecutor.query(CachingExecutor.java:83)
	at org.apache.ibatis.session.defaults.DefaultSqlSession.selectList(DefaultSqlSession.java:148)
	... 34 more
